<?xml version="1.0" encoding="UTF-8"?>
<!-- Generated by org.testng.reporters.JUnitReportReporter -->
<testsuite hostname="thanhv.local" name="AutomationFramework.CreateAddress.CreateAddressFromCartMissingTelephone" tests="1" failures="0" timestamp="7 Apr 2016 10:43:41 GMT" time="128.449" errors="0">
  <testcase name="createAddressFromCartMissingTelephone" time="128.449" classname="AutomationFramework.CreateAddress.CreateAddressFromCartMissingTelephone"/>
</testsuite> <!-- AutomationFramework.CreateAddress.CreateAddressFromCartMissingTelephone -->
