<?xml version="1.0" encoding="UTF-8"?>
<!-- Generated by org.testng.reporters.JUnitReportReporter -->
<testsuite hostname="thanhv.local" name="AutomationFramework.CreateAddress.CreateAddressFromCartWrongPostalCode" tests="1" failures="0" timestamp="7 Apr 2016 10:43:41 GMT" time="135.189" errors="0">
  <testcase name="createAddressFromCartWrongPostalCode" time="135.189" classname="AutomationFramework.CreateAddress.CreateAddressFromCartWrongPostalCode"/>
</testsuite> <!-- AutomationFramework.CreateAddress.CreateAddressFromCartWrongPostalCode -->
