<?xml version="1.0" encoding="UTF-8"?>
<!-- Generated by org.testng.reporters.JUnitReportReporter -->
<testsuite hostname="thanhv.local" name="AutomationFramework.CreateAddress.CreateAddressFromMyAddressMissingPostalCode" tests="1" failures="0" timestamp="7 Apr 2016 05:09:14 GMT" time="118.679" errors="0">
  <testcase name="createAddressFromMyAddressMissingPostalCode" time="118.679" classname="AutomationFramework.CreateAddress.CreateAddressFromMyAddressMissingPostalCode"/>
</testsuite> <!-- AutomationFramework.CreateAddress.CreateAddressFromMyAddressMissingPostalCode -->
