<?xml version="1.0" encoding="UTF-8"?>
<!-- Generated by org.testng.reporters.JUnitReportReporter -->
<testsuite hostname="thanhv.local" name="AutomationFramework.CreateAddress.CreateAddressFromTheSelection" tests="1" failures="0" timestamp="6 Apr 2016 06:54:27 GMT" time="142.834" errors="0">
  <testcase name="createAddressSuccess" time="142.834" classname="AutomationFramework.CreateAddress.CreateAddressFromTheSelection"/>
</testsuite> <!-- AutomationFramework.CreateAddress.CreateAddressFromTheSelection -->
