<?xml version="1.0" encoding="UTF-8"?>
<!-- Generated by org.testng.reporters.JUnitReportReporter -->
<testsuite hostname="thanhv.local" name="AutomationFramework.CreateAddress.CreateAddressFromCartMissingState" tests="1" failures="0" timestamp="7 Apr 2016 10:43:41 GMT" time="111.479" errors="0">
  <testcase name="createAddressFromCartMissingState" time="111.479" classname="AutomationFramework.CreateAddress.CreateAddressFromCartMissingState"/>
</testsuite> <!-- AutomationFramework.CreateAddress.CreateAddressFromCartMissingState -->
