<?xml version="1.0" encoding="UTF-8"?>
<!-- Generated by org.testng.reporters.JUnitReportReporter -->
<testsuite hostname="thanhv.local" name="AutomationFramework.CreateAddress.CreateAddressFromMyAddressMissingRegisterName" tests="1" failures="0" timestamp="7 Apr 2016 05:09:14 GMT" time="109.878" errors="0">
  <testcase name="createAddressFromMyAddressMissingRegisterName" time="109.878" classname="AutomationFramework.CreateAddress.CreateAddressFromMyAddressMissingRegisterName"/>
</testsuite> <!-- AutomationFramework.CreateAddress.CreateAddressFromMyAddressMissingRegisterName -->
