<?xml version="1.0" encoding="UTF-8"?>
<!-- Generated by org.testng.reporters.JUnitReportReporter -->
<testsuite hostname="thanhv.local" name="AutomationFramework.CreateAddress.CreateAddressFromMyAddressMissingCity" tests="1" failures="0" timestamp="7 Apr 2016 05:09:14 GMT" time="109.905" errors="0">
  <testcase name="createAddressFromMyAddressMissingCity" time="109.905" classname="AutomationFramework.CreateAddress.CreateAddressFromMyAddressMissingCity"/>
</testsuite> <!-- AutomationFramework.CreateAddress.CreateAddressFromMyAddressMissingCity -->
