<?xml version="1.0" encoding="UTF-8"?>
<!-- Generated by org.testng.reporters.JUnitReportReporter -->
<testsuite hostname="thanhv.local" name="AutomationFramework.CreateAddress.CreateAddressFromMyAddress" tests="1" failures="0" timestamp="7 Apr 2016 07:06:54 GMT" time="132.179" errors="0">
  <testcase name="createAddressSuccess" time="132.179" classname="AutomationFramework.CreateAddress.CreateAddressFromMyAddress"/>
</testsuite> <!-- AutomationFramework.CreateAddress.CreateAddressFromMyAddress -->
