<?xml version="1.0" encoding="UTF-8"?>
<!-- Generated by org.testng.reporters.JUnitReportReporter -->
<testsuite hostname="thanhv.local" name="AutomationFramework.CreateAddress.CreateAddressFromCartMissingCity" tests="1" failures="0" timestamp="7 Apr 2016 10:43:41 GMT" time="121.545" errors="0">
  <testcase name="createAddressFromCartMissingCity" time="121.545" classname="AutomationFramework.CreateAddress.CreateAddressFromCartMissingCity"/>
</testsuite> <!-- AutomationFramework.CreateAddress.CreateAddressFromCartMissingCity -->
