<?xml version="1.0" encoding="UTF-8"?>
<!-- Generated by org.testng.reporters.JUnitReportReporter -->
<testsuite hostname="thanhv.local" name="AutomationFramework.CreateAddress.FrontEndLogOut" tests="1" failures="0" timestamp="6 Apr 2016 02:58:59 GMT" time="48.639" errors="0">
  <testcase name="logOut" time="48.639" classname="AutomationFramework.CreateAddress.FrontEndLogOut"/>
</testsuite> <!-- AutomationFramework.CreateAddress.FrontEndLogOut -->
