<?xml version="1.0" encoding="UTF-8"?>
<!-- Generated by org.testng.reporters.JUnitReportReporter -->
<testsuite hostname="thanhv.local" name="AutomationFramework.CreateAddress.CreateAddressFromMyAddressMissingLastName" tests="1" failures="0" timestamp="7 Apr 2016 06:35:48 GMT" time="114.411" errors="0">
  <testcase name="createAddressFromMyAddressMissingLastName" time="114.411" classname="AutomationFramework.CreateAddress.CreateAddressFromMyAddressMissingLastName"/>
</testsuite> <!-- AutomationFramework.CreateAddress.CreateAddressFromMyAddressMissingLastName -->
