<?xml version="1.0" encoding="UTF-8"?>
<!-- Generated by org.testng.reporters.JUnitReportReporter -->
<testsuite hostname="thanhv.local" name="AutomationFramework.CreateAddress.CreateAddressFromCartMissingFirstName" tests="1" failures="0" timestamp="7 Apr 2016 10:43:41 GMT" time="120.832" errors="0">
  <testcase name="createAddressFromCartMissingFirstName" time="120.832" classname="AutomationFramework.CreateAddress.CreateAddressFromCartMissingFirstName"/>
</testsuite> <!-- AutomationFramework.CreateAddress.CreateAddressFromCartMissingFirstName -->
