<?xml version="1.0" encoding="UTF-8"?>
<!-- Generated by org.testng.reporters.JUnitReportReporter -->
<testsuite hostname="thanhv.local" name="AutomationFramework.AddToCart.AddToCart" tests="1" failures="0" timestamp="7 Apr 2016 08:22:13 GMT" time="81.597" errors="0">
  <testcase name="addToCart" time="81.597" classname="AutomationFramework.AddToCart.AddToCart"/>
</testsuite> <!-- AutomationFramework.AddToCart.AddToCart -->
