<?xml version="1.0" encoding="UTF-8"?>
<!-- Generated by org.testng.reporters.JUnitReportReporter -->
<testsuite hostname="thanhv.local" name="AutomationFramework.CreateAddress.CreateAddressFromCartMissingPostalCode" tests="1" failures="0" timestamp="7 Apr 2016 10:43:41 GMT" time="116.272" errors="0">
  <testcase name="createAddressFromCartMissingPostalCode" time="116.272" classname="AutomationFramework.CreateAddress.CreateAddressFromCartMissingPostalCode"/>
</testsuite> <!-- AutomationFramework.CreateAddress.CreateAddressFromCartMissingPostalCode -->
