<?xml version="1.0" encoding="UTF-8"?>
<!-- Generated by org.testng.reporters.JUnitReportReporter -->
<testsuite hostname="thanhv.local" name="AutomationFramework.CreateAddress.CreateAddressFromMyAddressWrongPostalCode" tests="1" failures="0" timestamp="7 Apr 2016 05:09:14 GMT" time="114.567" errors="0">
  <testcase name="createAddressFromMyAddressWrongPostalCode" time="114.567" classname="AutomationFramework.CreateAddress.CreateAddressFromMyAddressWrongPostalCode"/>
</testsuite> <!-- AutomationFramework.CreateAddress.CreateAddressFromMyAddressWrongPostalCode -->
