<?xml version="1.0" encoding="UTF-8"?>
<!-- Generated by org.testng.reporters.JUnitReportReporter -->
<testsuite hostname="thanhv.local" name="AutomationFramework.LogIn.FrontEndLogOut" tests="1" failures="0" timestamp="6 Apr 2016 06:54:27 GMT" time="82.078" errors="0">
  <testcase name="logOut" time="82.078" classname="AutomationFramework.LogIn.FrontEndLogOut"/>
</testsuite> <!-- AutomationFramework.LogIn.FrontEndLogOut -->
