<?xml version="1.0" encoding="UTF-8"?>
<!-- Generated by org.testng.reporters.JUnitReportReporter -->
<testsuite hostname="thanhv.local" name="AutomationFramework.CreateAddress.CreateAddressFromMyAddressMissingTelephone" tests="1" failures="0" timestamp="7 Apr 2016 05:09:14 GMT" time="106.267" errors="0">
  <testcase name="createAddressFromMyAddressMissingTelephone" time="106.267" classname="AutomationFramework.CreateAddress.CreateAddressFromMyAddressMissingTelephone"/>
</testsuite> <!-- AutomationFramework.CreateAddress.CreateAddressFromMyAddressMissingTelephone -->
