<?xml version="1.0" encoding="UTF-8"?>
<!-- Generated by org.testng.reporters.JUnitReportReporter -->
<testsuite hostname="thanhv.local" name="AutomationFramework.CreateAddress.MainAction" tests="1" failures="0" timestamp="6 Apr 2016 02:58:59 GMT" time="45.910" errors="0">
  <testcase name="frontEndLoginOK" time="45.910" classname="AutomationFramework.CreateAddress.MainAction"/>
</testsuite> <!-- AutomationFramework.CreateAddress.MainAction -->
