<?xml version="1.0" encoding="UTF-8"?>
<!-- Generated by org.testng.reporters.JUnitReportReporter -->
<testsuite hostname="thanhv.local" name="AutomationFramework.CreateAddress.CreateAddressFromCartMissingLastName" tests="1" failures="0" timestamp="7 Apr 2016 10:43:41 GMT" time="234.092" errors="0">
  <testcase name="createAddressFromCartMissingLastName" time="234.092" classname="AutomationFramework.CreateAddress.CreateAddressFromCartMissingLastName"/>
</testsuite> <!-- AutomationFramework.CreateAddress.CreateAddressFromCartMissingLastName -->
