<?xml version="1.0" encoding="UTF-8"?>
<!-- Generated by org.testng.reporters.JUnitReportReporter -->
<testsuite hostname="thanhv.local" name="AutomationFramework.CreateAddress.CreateAddressFromMyAddressWrongTelephone" tests="1" failures="0" timestamp="7 Apr 2016 05:09:14 GMT" time="122.451" errors="0">
  <testcase name="createAddressFromMyAddressWrongTelephone" time="122.451" classname="AutomationFramework.CreateAddress.CreateAddressFromMyAddressWrongTelephone"/>
</testsuite> <!-- AutomationFramework.CreateAddress.CreateAddressFromMyAddressWrongTelephone -->
