<?xml version="1.0" encoding="UTF-8"?>
<!-- Generated by org.testng.reporters.JUnitReportReporter -->
<testsuite hostname="thanhv.local" name="AutomationFramework.CreateAddress.CreateAddressFromMyAddressSameRegName" tests="1" failures="0" timestamp="7 Apr 2016 05:09:14 GMT" time="109.000" errors="0">
  <testcase name="createAddressFromMyAddressSameRegName" time="109.000" classname="AutomationFramework.CreateAddress.CreateAddressFromMyAddressSameRegName"/>
</testsuite> <!-- AutomationFramework.CreateAddress.CreateAddressFromMyAddressSameRegName -->
