<?xml version="1.0" encoding="UTF-8"?>
<!-- Generated by org.testng.reporters.JUnitReportReporter -->
<testsuite hostname="thanhv.local" name="AutomationFramework.CreateAddress.CreateAddressFromCart" tests="1" failures="0" timestamp="7 Apr 2016 10:43:41 GMT" time="122.002" errors="0">
  <testcase name="createAddressFromCart" time="122.002" classname="AutomationFramework.CreateAddress.CreateAddressFromCart"/>
</testsuite> <!-- AutomationFramework.CreateAddress.CreateAddressFromCart -->
